<?xml version="1.0" encoding="utf-8"?><testsuites><testsuite name="pytest" errors="0" failures="0" skipped="1" tests="212" time="8.926" timestamp="2026-08-20T20:17:55.219077+07:00" hostname="ngocson"><testcase classname="tests.test_authenticated_smoke" name="test_customer_safe_reads" time="1.041" /><testcase classname="tests.test_authenticated_smoke" name="test_each_internal_role_group_safe_reads[RECEPTIONIST]" time="0.672" /><testcase classname="tests.test_authenticated_smoke" name="test_each_internal_role_group_safe_reads[WAITER]" time="0.732" /><testcase classname="tests.test_authenticated_smoke" name="test_each_internal_role_group_safe_reads[KITCHEN]" time="0.668" /><testcase classname="tests.test_authenticated_smoke" name="test_each_internal_role_group_safe_reads[CASHIER]" time="0.657" /><testcase classname="tests.test_authenticated_smoke" name="test_each_internal_role_group_safe_reads[BRANCH_MANAGER]" time="0.662" /><testcase classname="tests.test_authenticated_smoke" name="test_each_internal_role_group_safe_reads[COMPANY_ADMIN]" time="0.838" /><testcase classname="tests.test_authenticated_smoke" name="test_each_internal_role_group_safe_reads[SUPER_ADMIN]" time="0.718" /><testcase classname="tests.test_negative_mutations" name="test_customer_mutations_reject_invalid_bodies[/customer/profile/verify-pin]" time="0.010" /><testcase classname="tests.test_negative_mutations" name="test_customer_mutations_reject_invalid_bodies[/customer/profile/setup-pin]" time="0.046" /><testcase classname="tests.test_negative_mutations" name="test_customer_mutations_reject_invalid_bodies[/customer/profile/reset-pin-by-password]" time="0.046" /><testcase classname="tests.test_negative_mutations" name="test_customer_mutations_reject_invalid_bodies[/customer/qr-payment/scan-token]" time="0.010" /><testcase classname="tests.test_negative_mutations" name="test_authorized_mutations_validate_before_business_logic[WAITER-post-/internal/orders/]" time="0.052" /><testcase classname="tests.test_negative_mutations" name="test_authorized_mutations_validate_before_business_logic[BRANCH_MANAGER-post-/internal/employees/]" time="0.048" /><testcase classname="tests.test_negative_mutations" name="test_authorized_mutations_validate_before_business_logic[COMPANY_ADMIN-post-/internal/inventory/ingredients]" time="0.049" /><testcase classname="tests.test_negative_mutations" name="test_authorized_mutations_validate_before_business_logic[SUPER_ADMIN-post-/internal/vouchers/]" time="0.052" /><testcase classname="tests.test_negative_mutations" name="test_internal_roles_cannot_call_forbidden_mutations[RECEPTIONIST-/internal/checkout/create-invoice]" time="0.050" /><testcase classname="tests.test_negative_mutations" name="test_internal_roles_cannot_call_forbidden_mutations[WAITER-/internal/menu-categories/]" time="0.045" /><testcase classname="tests.test_negative_mutations" name="test_internal_roles_cannot_call_forbidden_mutations[KITCHEN-/internal/orders/]" time="0.046" /><testcase classname="tests.test_negative_mutations" name="test_internal_roles_cannot_call_forbidden_mutations[CASHIER-/internal/procurement/suppliers]" time="0.051" /><testcase classname="tests.test_negative_mutations" name="test_internal_roles_cannot_call_forbidden_mutations[BRANCH_MANAGER-/internal/menu-items/]" time="0.047" /><testcase classname="tests.test_negative_mutations" name="test_customer_token_cannot_cross_into_internal_api" time="0.007" /><testcase classname="tests.test_public_contracts" name="test_companies_contract" time="0.094" /><testcase classname="tests.test_public_contracts" name="test_home_banners_contract" time="0.044" /><testcase classname="tests.test_public_contracts" name="test_company_children_contracts" time="0.411" /><testcase classname="tests.test_public_contracts" name="test_branch_contract" time="0.042" /><testcase classname="tests.test_public_contracts" name="test_menu_item_contract" time="0.046" /><testcase classname="tests.test_route_catalog" name="test_catalogued_route_is_mounted_and_protected[POST /webhook]" time="0.006" /><testcase classname="tests.test_route_catalog" name="test_catalogued_route_is_mounted_and_protected[POST /customer/auth/register]" time="0.004" /><testcase classname="tests.test_route_catalog" name="test_catalogued_route_is_mounted_and_protected[POST /customer/auth/login]" time="0.006" /><testcase classname="tests.test_route_catalog" name="test_catalogued_route_is_mounted_and_protected[POST /customer/auth/refresh-token]" time="0.005" /><testcase classname="tests.test_route_catalog" name="test_catalogued_route_is_mounted_and_protected[POST /customer/auth/logout]" time="0.005" /><testcase classname="tests.test_route_catalog" name="test_catalogued_route_is_mounted_and_protected[POST /customer/auth/forgot-password]" time="0.006" /><testcase classname="tests.test_route_catalog" name="test_catalogued_route_is_mounted_and_protected[POST /customer/auth/reset-password]" time="0.006" /><testcase classname="tests.test_route_catalog" name="test_catalogued_route_is_mounted_and_protected[GET /customer/auth/verify-email]" time="0.006" /><testcase classname="tests.test_route_catalog" name="test_catalogued_route_is_mounted_and_protected[POST /customer/auth/verify-email]" time="0.005" /><testcase classname="tests.test_route_catalog" name="test_catalogued_route_is_mounted_and_protected[POST /customer/auth/resend-verification]" time="0.005" /><testcase classname="tests.test_route_catalog" name="test_catalogued_route_is_mounted_and_protected[GET /customer/auth/test-mail]" time="0.001"><skipped type="pytest.skip" message="live probe intentionally disabled because this endpoint sends email">D:\Projects\NhaHang\api-tests\tests\test_route_catalog.py:21: live probe intentionally disabled because this endpoint sends email</skipped></testcase><testcase classname="tests.test_route_catalog" name="test_catalogued_route_is_mounted_and_protected[POST /internal/auth/login]" time="0.005" /><testcase classname="tests.test_route_catalog" name="test_catalogued_route_is_mounted_and_protected[POST /internal/auth/refresh-token]" time="0.006" /><testcase classname="tests.test_route_catalog" name="test_catalogued_route_is_mounted_and_protected[POST /internal/auth/logout]" time="0.006" /><testcase classname="tests.test_route_catalog" name="test_catalogued_route_is_mounted_and_protected[POST /public/reservations]" time="0.005" /><testcase classname="tests.test_route_catalog" name="test_catalogued_route_is_mounted_and_protected[GET /public/companies]" time="0.043" /><testcase classname="tests.test_route_catalog" name="test_catalogued_route_is_mounted_and_protected[GET /public/companies/:companyId]" time="0.082" /><testcase classname="tests.test_route_catalog" name="test_catalogued_route_is_mounted_and_protected[GET /public/companies/:companyId/branches]" time="0.081" /><testcase classname="tests.test_route_catalog" name="test_catalogued_route_is_mounted_and_protected[GET /public/branches/:branchId]" time="0.044" /><testcase classname="tests.test_route_catalog" name="test_catalogued_route_is_mounted_and_protected[GET /public/companies/:companyId/categories]" time="0.080" /><testcase classname="tests.test_route_catalog" name="test_catalogued_route_is_mounted_and_protected[GET /public/companies/:companyId/menu]" time="0.118" /><testcase classname="tests.test_route_catalog" name="test_catalogued_route_is_mounted_and_protected[GET /public/menu-items/:menuItemId]" time="0.042" /><testcase classname="tests.test_route_catalog" name="test_catalogued_route_is_mounted_and_protected[GET /public/home-banners]" time="0.042" /><testcase classname="tests.test_route_catalog" name="test_catalogued_route_is_mounted_and_protected[POST /customer/auth/change-password]" time="0.005" /><testcase classname="tests.test_route_catalog" name="test_catalogued_route_is_mounted_and_protected[POST /customer/auth/request-verification]" time="0.005" /><testcase classname="tests.test_route_catalog" name="test_catalogued_route_is_mounted_and_protected[GET /customer/profile/me]" time="0.005" /><testcase classname="tests.test_route_catalog" name="test_catalogued_route_is_mounted_and_protected[POST /customer/profile/verify-pin]" time="0.005" /><testcase classname="tests.test_route_catalog" name="test_catalogued_route_is_mounted_and_protected[GET /customer/profile/transactions]" time="0.004" /><testcase classname="tests.test_route_catalog" name="test_catalogued_route_is_mounted_and_protected[PUT /customer/profile/me]" time="0.005" /><testcase classname="tests.test_route_catalog" name="test_catalogued_route_is_mounted_and_protected[POST /customer/profile/setup-pin]" time="0.005" /><testcase classname="tests.test_route_catalog" name="test_catalogued_route_is_mounted_and_protected[POST /customer/profile/reset-pin-by-password]" time="0.006" /><testcase classname="tests.test_route_catalog" name="test_catalogued_route_is_mounted_and_protected[GET /customer/voucher/]" time="0.005" /><testcase classname="tests.test_route_catalog" name="test_catalogued_route_is_mounted_and_protected[GET /customer/reservations/]" time="0.006" /><testcase classname="tests.test_route_catalog" name="test_catalogued_route_is_mounted_and_protected[GET /customer/reservations/:id]" time="0.005" /><testcase classname="tests.test_route_catalog" name="test_catalogued_route_is_mounted_and_protected[POST /customer/reservations/]" time="0.005" /><testcase classname="tests.test_route_catalog" name="test_catalogued_route_is_mounted_and_protected[DELETE /customer/reservations/:id]" time="0.005" /><testcase classname="tests.test_route_catalog" name="test_catalogued_route_is_mounted_and_protected[POST /customer/payment/create]" time="0.006" /><testcase classname="tests.test_route_catalog" name="test_catalogued_route_is_mounted_and_protected[GET /customer/qr-payment/pending]" time="0.005" /><testcase classname="tests.test_route_catalog" name="test_catalogued_route_is_mounted_and_protected[GET /customer/qr-payment/stream]" time="0.005" /><testcase classname="tests.test_route_catalog" name="test_catalogued_route_is_mounted_and_protected[GET /customer/qr-payment/invoices]" time="0.005" /><testcase classname="tests.test_route_catalog" name="test_catalogued_route_is_mounted_and_protected[GET /customer/qr-payment/invoices/:id]" time="0.005" /><testcase classname="tests.test_route_catalog" name="test_catalogued_route_is_mounted_and_protected[POST /customer/qr-payment/confirm]" time="0.005" /><testcase classname="tests.test_route_catalog" name="test_catalogued_route_is_mounted_and_protected[POST /customer/qr-payment/generate-token]" time="0.005" /><testcase classname="tests.test_route_catalog" name="test_catalogued_route_is_mounted_and_protected[POST /customer/qr-payment/scan-token]" time="0.004" /><testcase classname="tests.test_route_catalog" name="test_catalogued_route_is_mounted_and_protected[GET /internal/dining-tables/sections]" time="0.005" /><testcase classname="tests.test_route_catalog" name="test_catalogued_route_is_mounted_and_protected[GET /internal/dining-tables/sections/:sectionId]" time="0.004" /><testcase classname="tests.test_route_catalog" name="test_catalogued_route_is_mounted_and_protected[POST /internal/dining-tables/sections]" time="0.005" /><testcase classname="tests.test_route_catalog" name="test_catalogued_route_is_mounted_and_protected[PUT /internal/dining-tables/sections/:sectionId]" time="0.005" /><testcase classname="tests.test_route_catalog" name="test_catalogued_route_is_mounted_and_protected[PATCH /internal/dining-tables/sections/:sectionId/status]" time="0.005" /><testcase classname="tests.test_route_catalog" name="test_catalogued_route_is_mounted_and_protected[DELETE /internal/dining-tables/sections/:sectionId]" time="0.004" /><testcase classname="tests.test_route_catalog" name="test_catalogued_route_is_mounted_and_protected[GET /internal/dining-tables/tables]" time="0.005" /><testcase classname="tests.test_route_catalog" name="test_catalogued_route_is_mounted_and_protected[GET /internal/dining-tables/tables/:tableId]" time="0.005" /><testcase classname="tests.test_route_catalog" name="test_catalogued_route_is_mounted_and_protected[POST /internal/dining-tables/tables]" time="0.005" /><testcase classname="tests.test_route_catalog" name="test_catalogued_route_is_mounted_and_protected[PUT /internal/dining-tables/tables/:tableId]" time="0.005" /><testcase classname="tests.test_route_catalog" name="test_catalogued_route_is_mounted_and_protected[PATCH /internal/dining-tables/tables/:tableId/status]" time="0.005" /><testcase classname="tests.test_route_catalog" name="test_catalogued_route_is_mounted_and_protected[DELETE /internal/dining-tables/tables/:tableId]" time="0.005" /><testcase classname="tests.test_route_catalog" name="test_catalogued_route_is_mounted_and_protected[POST /internal/orders/]" time="0.004" /><testcase classname="tests.test_route_catalog" name="test_catalogued_route_is_mounted_and_protected[POST /internal/orders/:order_id/items/:order_item_id/cancel-request]" time="0.004" /><testcase classname="tests.test_route_catalog" name="test_catalogued_route_is_mounted_and_protected[GET /internal/orders/kitchen/preorders]" time="0.004" /><testcase classname="tests.test_route_catalog" name="test_catalogued_route_is_mounted_and_protected[POST /internal/orders/kitchen/preorders/:reservationId/confirm]" time="0.005" /><testcase classname="tests.test_route_catalog" name="test_catalogued_route_is_mounted_and_protected[POST /internal/orders/kitchen/preorders/:reservationId/cancel]" time="0.006" /><testcase classname="tests.test_route_catalog" name="test_catalogued_route_is_mounted_and_protected[GET /internal/orders/kitchen/queue]" time="0.004" /><testcase classname="tests.test_route_catalog" name="test_catalogued_route_is_mounted_and_protected[GET /internal/orders/kitchen/stream]" time="0.004" /><testcase classname="tests.test_route_catalog" name="test_catalogued_route_is_mounted_and_protected[GET /internal/orders/kitchen/history]" time="0.005" /><testcase classname="tests.test_route_catalog" name="test_catalogued_route_is_mounted_and_protected[POST /internal/orders/kitchen/scan]" time="0.005" /><testcase classname="tests.test_route_catalog" name="test_catalogued_route_is_mounted_and_protected[GET /internal/orders/table/:tableId/active]" time="0.004" /><testcase classname="tests.test_route_catalog" name="test_catalogued_route_is_mounted_and_protected[GET /internal/orders/:id]" time="0.004" /><testcase classname="tests.test_route_catalog" name="test_catalogued_route_is_mounted_and_protected[PUT /internal/orders/:id/items]" time="0.003" /><testcase classname="tests.test_route_catalog" name="test_catalogued_route_is_mounted_and_protected[POST /internal/orders/:id/cancel-empty]" time="0.005" /><testcase classname="tests.test_route_catalog" name="test_catalogued_route_is_mounted_and_protected[POST /internal/orders/:id/scan-qr]" time="0.005" /><testcase classname="tests.test_route_catalog" name="test_catalogued_route_is_mounted_and_protected[POST /internal/orders/:id/cook]" time="0.005" /><testcase classname="tests.test_route_catalog" name="test_catalogued_route_is_mounted_and_protected[PATCH /internal/orders/items/:itemId/kitchen-status]" time="0.005" /><testcase classname="tests.test_route_catalog" name="test_catalogued_route_is_mounted_and_protected[GET /internal/cancel-requests/]" time="0.005" /><testcase classname="tests.test_route_catalog" name="test_catalogued_route_is_mounted_and_protected[PATCH /internal/cancel-requests/:cancel_request_id/accept]" time="0.009" /><testcase classname="tests.test_route_catalog" name="test_catalogued_route_is_mounted_and_protected[PATCH /internal/cancel-requests/:cancel_request_id/reject]" time="0.006" /><testcase classname="tests.test_route_catalog" name="test_catalogued_route_is_mounted_and_protected[PATCH /internal/cancel-requests/:cancel_request_id/withdraw]" time="0.007" /><testcase classname="tests.test_route_catalog" name="test_catalogued_route_is_mounted_and_protected[GET /internal/employees/roles]" time="0.005" /><testcase classname="tests.test_route_catalog" name="test_catalogued_route_is_mounted_and_protected[GET /internal/employees/kitchen-types]" time="0.006" /><testcase classname="tests.test_route_catalog" name="test_catalogued_route_is_mounted_and_protected[GET /internal/employees/]" time="0.005" /><testcase classname="tests.test_route_catalog" name="test_catalogued_route_is_mounted_and_protected[GET /internal/employees/:id]" time="0.005" /><testcase classname="tests.test_route_catalog" name="test_catalogued_route_is_mounted_and_protected[POST /internal/employees/]" time="0.005" /><testcase classname="tests.test_route_catalog" name="test_catalogued_route_is_mounted_and_protected[PUT /internal/employees/:id]" time="0.004" /><testcase classname="tests.test_route_catalog" name="test_catalogued_route_is_mounted_and_protected[PATCH /internal/employees/:id/status]" time="0.005" /><testcase classname="tests.test_route_catalog" name="test_catalogued_route_is_mounted_and_protected[POST /internal/employees/:id/reset-password]" time="0.005" /><testcase classname="tests.test_route_catalog" name="test_catalogued_route_is_mounted_and_protected[GET /internal/reports/dashboard]" time="0.004" /><testcase classname="tests.test_route_catalog" name="test_catalogued_route_is_mounted_and_protected[GET /internal/reports/admin-overview]" time="0.004" /><testcase classname="tests.test_route_catalog" name="test_catalogued_route_is_mounted_and_protected[GET /internal/reports/revenue]" time="0.004" /><testcase classname="tests.test_route_catalog" name="test_catalogued_route_is_mounted_and_protected[GET /internal/reports/top-items]" time="0.004" /><testcase classname="tests.test_route_catalog" name="test_catalogued_route_is_mounted_and_protected[GET /internal/branches/]" time="0.007" /><testcase classname="tests.test_route_catalog" name="test_catalogued_route_is_mounted_and_protected[GET /internal/branches/:id]" time="0.005" /><testcase classname="tests.test_route_catalog" name="test_catalogued_route_is_mounted_and_protected[POST /internal/branches/]" time="0.005" /><testcase classname="tests.test_route_catalog" name="test_catalogued_route_is_mounted_and_protected[PUT /internal/branches/:id]" time="0.004" /><testcase classname="tests.test_route_catalog" name="test_catalogued_route_is_mounted_and_protected[PATCH /internal/branches/:id/status]" time="0.005" /><testcase classname="tests.test_route_catalog" name="test_catalogued_route_is_mounted_and_protected[DELETE /internal/branches/:id]" time="0.005" /><testcase classname="tests.test_route_catalog" name="test_catalogued_route_is_mounted_and_protected[POST /internal/checkout/create-invoice]" time="0.007" /><testcase classname="tests.test_route_catalog" name="test_catalogued_route_is_mounted_and_protected[GET /internal/checkout/intent/:tableId]" time="0.005" /><testcase classname="tests.test_route_catalog" name="test_catalogued_route_is_mounted_and_protected[DELETE /internal/checkout/intent/:tableId]" time="0.005" /><testcase classname="tests.test_route_catalog" name="test_catalogued_route_is_mounted_and_protected[POST /internal/checkout/scan]" time="0.005" /><testcase classname="tests.test_route_catalog" name="test_catalogued_route_is_mounted_and_protected[POST /internal/checkout/validate-voucher]" time="0.005" /><testcase classname="tests.test_route_catalog" name="test_catalogued_route_is_mounted_and_protected[GET /internal/checkout/table/:tableId/voucher]" time="0.004" /><testcase classname="tests.test_route_catalog" name="test_catalogued_route_is_mounted_and_protected[POST /internal/checkout/items/:order_item_id/void]" time="0.005" /><testcase classname="tests.test_route_catalog" name="test_catalogued_route_is_mounted_and_protected[POST /internal/checkout/items/:order_item_id/discount]" time="0.006" /><testcase classname="tests.test_route_catalog" name="test_catalogued_route_is_mounted_and_protected[POST /internal/checkout/items/:order_item_id/reduce-quantity]" time="0.006" /><testcase classname="tests.test_route_catalog" name="test_catalogued_route_is_mounted_and_protected[GET /internal/checkout/table/:tableId/kiem-mon]" time="0.004" /><testcase classname="tests.test_route_catalog" name="test_catalogued_route_is_mounted_and_protected[GET /internal/checkout/table/:tableId/latest-invoice]" time="0.004" /><testcase classname="tests.test_route_catalog" name="test_catalogued_route_is_mounted_and_protected[POST /internal/checkout/table/:tableId/vat]" time="0.005" /><testcase classname="tests.test_route_catalog" name="test_catalogued_route_is_mounted_and_protected[GET /internal/checkout/table/:tableId/vat]" time="0.005" /><testcase classname="tests.test_route_catalog" name="test_catalogued_route_is_mounted_and_protected[GET /internal/checkout/invoices]" time="0.004" /><testcase classname="tests.test_route_catalog" name="test_catalogued_route_is_mounted_and_protected[POST /internal/checkout/invoices/:invoiceId/pay]" time="0.005" /><testcase classname="tests.test_route_catalog" name="test_catalogued_route_is_mounted_and_protected[GET /internal/inventory/ingredients]" time="0.005" /><testcase classname="tests.test_route_catalog" name="test_catalogued_route_is_mounted_and_protected[GET /internal/inventory/ingredients/low-stock]" time="0.005" /><testcase classname="tests.test_route_catalog" name="test_catalogued_route_is_mounted_and_protected[GET /internal/inventory/ingredients/:id]" time="0.005" /><testcase classname="tests.test_route_catalog" name="test_catalogued_route_is_mounted_and_protected[GET /internal/inventory/recipes/menu-item/:menuItemId]" time="0.004" /><testcase classname="tests.test_route_catalog" name="test_catalogued_route_is_mounted_and_protected[GET /internal/inventory/transactions]" time="0.005" /><testcase classname="tests.test_route_catalog" name="test_catalogued_route_is_mounted_and_protected[GET /internal/inventory/estimate/order/:orderId]" time="0.004" /><testcase classname="tests.test_route_catalog" name="test_catalogued_route_is_mounted_and_protected[POST /internal/inventory/ingredients]" time="0.005" /><testcase classname="tests.test_route_catalog" name="test_catalogued_route_is_mounted_and_protected[PUT /internal/inventory/ingredients/:id]" time="0.005" /><testcase classname="tests.test_route_catalog" name="test_catalogued_route_is_mounted_and_protected[DELETE /internal/inventory/ingredients/:id]" time="0.006" /><testcase classname="tests.test_route_catalog" name="test_catalogued_route_is_mounted_and_protected[PUT /internal/inventory/recipes/menu-item/:menuItemId]" time="0.005" /><testcase classname="tests.test_route_catalog" name="test_catalogued_route_is_mounted_and_protected[DELETE /internal/inventory/recipes/:id]" time="0.005" /><testcase classname="tests.test_route_catalog" name="test_catalogued_route_is_mounted_and_protected[POST /internal/inventory/transactions]" time="0.005" /><testcase classname="tests.test_route_catalog" name="test_catalogued_route_is_mounted_and_protected[GET /internal/audit-logs/]" time="0.005" /><testcase classname="tests.test_route_catalog" name="test_catalogued_route_is_mounted_and_protected[GET /internal/procurement/suppliers]" time="0.005" /><testcase classname="tests.test_route_catalog" name="test_catalogued_route_is_mounted_and_protected[GET /internal/procurement/suppliers/:id]" time="0.005" /><testcase classname="tests.test_route_catalog" name="test_catalogued_route_is_mounted_and_protected[POST /internal/procurement/suppliers]" time="0.006" /><testcase classname="tests.test_route_catalog" name="test_catalogued_route_is_mounted_and_protected[PUT /internal/procurement/suppliers/:id]" time="0.006" /><testcase classname="tests.test_route_catalog" name="test_catalogued_route_is_mounted_and_protected[DELETE /internal/procurement/suppliers/:id]" time="0.006" /><testcase classname="tests.test_route_catalog" name="test_catalogued_route_is_mounted_and_protected[GET /internal/procurement/receipts]" time="0.006" /><testcase classname="tests.test_route_catalog" name="test_catalogued_route_is_mounted_and_protected[GET /internal/procurement/receipts/by-code/:code]" time="0.005" /><testcase classname="tests.test_route_catalog" name="test_catalogued_route_is_mounted_and_protected[POST /internal/procurement/receipts/import-by-code]" time="0.005" /><testcase classname="tests.test_route_catalog" name="test_catalogued_route_is_mounted_and_protected[GET /internal/procurement/receipts/:id]" time="0.004" /><testcase classname="tests.test_route_catalog" name="test_catalogued_route_is_mounted_and_protected[POST /internal/procurement/receipts]" time="0.004" /><testcase classname="tests.test_route_catalog" name="test_catalogued_route_is_mounted_and_protected[POST /internal/procurement/receipts/:id/confirm]" time="0.005" /><testcase classname="tests.test_route_catalog" name="test_catalogued_route_is_mounted_and_protected[POST /internal/procurement/receipts/:id/email]" time="0.004" /><testcase classname="tests.test_route_catalog" name="test_catalogued_route_is_mounted_and_protected[DELETE /internal/procurement/receipts/:id]" time="0.004" /><testcase classname="tests.test_route_catalog" name="test_catalogued_route_is_mounted_and_protected[GET /internal/reservations/]" time="0.006" /><testcase classname="tests.test_route_catalog" name="test_catalogued_route_is_mounted_and_protected[GET /internal/reservations/alerts]" time="0.005" /><testcase classname="tests.test_route_catalog" name="test_catalogued_route_is_mounted_and_protected[GET /internal/reservations/call-list]" time="0.004" /><testcase classname="tests.test_route_catalog" name="test_catalogued_route_is_mounted_and_protected[GET /internal/reservations/stream]" time="0.005" /><testcase classname="tests.test_route_catalog" name="test_catalogued_route_is_mounted_and_protected[GET /internal/reservations/:id]" time="0.004" /><testcase classname="tests.test_route_catalog" name="test_catalogued_route_is_mounted_and_protected[PATCH /internal/reservations/:id/confirm-call]" time="0.005" /><testcase classname="tests.test_route_catalog" name="test_catalogued_route_is_mounted_and_protected[GET /internal/reservations/:id/suggest-table]" time="0.004" /><testcase classname="tests.test_route_catalog" name="test_catalogued_route_is_mounted_and_protected[POST /internal/reservations/]" time="0.005" /><testcase classname="tests.test_route_catalog" name="test_catalogued_route_is_mounted_and_protected[PUT /internal/reservations/:id]" time="0.005" /><testcase classname="tests.test_route_catalog" name="test_catalogued_route_is_mounted_and_protected[PATCH /internal/reservations/:id/status]" time="0.004" /><testcase classname="tests.test_route_catalog" name="test_catalogued_route_is_mounted_and_protected[POST /internal/reservations/:id/assign-table]" time="0.005" /><testcase classname="tests.test_route_catalog" name="test_catalogued_route_is_mounted_and_protected[POST /internal/reservations/:id/checkin]" time="0.005" /><testcase classname="tests.test_route_catalog" name="test_catalogued_route_is_mounted_and_protected[DELETE /internal/reservations/:id]" time="0.004" /><testcase classname="tests.test_route_catalog" name="test_catalogued_route_is_mounted_and_protected[GET /internal/menu-categories/]" time="0.003" /><testcase classname="tests.test_route_catalog" name="test_catalogued_route_is_mounted_and_protected[GET /internal/menu-categories/:id]" time="0.004" /><testcase classname="tests.test_route_catalog" name="test_catalogued_route_is_mounted_and_protected[POST /internal/menu-categories/]" time="0.004" /><testcase classname="tests.test_route_catalog" name="test_catalogued_route_is_mounted_and_protected[PUT /internal/menu-categories/:id]" time="0.004" /><testcase classname="tests.test_route_catalog" name="test_catalogued_route_is_mounted_and_protected[DELETE /internal/menu-categories/:id]" time="0.005" /><testcase classname="tests.test_route_catalog" name="test_catalogued_route_is_mounted_and_protected[GET /internal/menu-items/]" time="0.003" /><testcase classname="tests.test_route_catalog" name="test_catalogued_route_is_mounted_and_protected[GET /internal/menu-items/:id]" time="0.003" /><testcase classname="tests.test_route_catalog" name="test_catalogued_route_is_mounted_and_protected[POST /internal/menu-items/]" time="0.004" /><testcase classname="tests.test_route_catalog" name="test_catalogued_route_is_mounted_and_protected[PUT /internal/menu-items/:id]" time="0.004" /><testcase classname="tests.test_route_catalog" name="test_catalogued_route_is_mounted_and_protected[DELETE /internal/menu-items/:id]" time="0.005" /><testcase classname="tests.test_route_catalog" name="test_catalogued_route_is_mounted_and_protected[GET /internal/combos/]" time="0.004" /><testcase classname="tests.test_route_catalog" name="test_catalogued_route_is_mounted_and_protected[GET /internal/combos/:id]" time="0.005" /><testcase classname="tests.test_route_catalog" name="test_catalogued_route_is_mounted_and_protected[POST /internal/combos/]" time="0.004" /><testcase classname="tests.test_route_catalog" name="test_catalogued_route_is_mounted_and_protected[PUT /internal/combos/:id]" time="0.004" /><testcase classname="tests.test_route_catalog" name="test_catalogued_route_is_mounted_and_protected[DELETE /internal/combos/:id]" time="0.004" /><testcase classname="tests.test_route_catalog" name="test_catalogued_route_is_mounted_and_protected[PATCH /internal/menu-items/:id/availability]" time="0.005" /><testcase classname="tests.test_route_catalog" name="test_catalogued_route_is_mounted_and_protected[GET /internal/companies/]" time="0.005" /><testcase classname="tests.test_route_catalog" name="test_catalogued_route_is_mounted_and_protected[GET /internal/companies/:id]" time="0.004" /><testcase classname="tests.test_route_catalog" name="test_catalogued_route_is_mounted_and_protected[POST /internal/companies/]" time="0.005" /><testcase classname="tests.test_route_catalog" name="test_catalogued_route_is_mounted_and_protected[PUT /internal/companies/:id]" time="0.004" /><testcase classname="tests.test_route_catalog" name="test_catalogued_route_is_mounted_and_protected[GET /internal/cashback-rates/]" time="0.005" /><testcase classname="tests.test_route_catalog" name="test_catalogued_route_is_mounted_and_protected[PUT /internal/cashback-rates/:rank]" time="0.005" /><testcase classname="tests.test_route_catalog" name="test_catalogued_route_is_mounted_and_protected[GET /internal/vouchers/]" time="0.005" /><testcase classname="tests.test_route_catalog" name="test_catalogued_route_is_mounted_and_protected[GET /internal/vouchers/:id]" time="0.005" /><testcase classname="tests.test_route_catalog" name="test_catalogued_route_is_mounted_and_protected[POST /internal/vouchers/]" time="0.004" /><testcase classname="tests.test_route_catalog" name="test_catalogued_route_is_mounted_and_protected[PUT /internal/vouchers/:id]" time="0.004" /><testcase classname="tests.test_route_catalog" name="test_catalogued_route_is_mounted_and_protected[DELETE /internal/vouchers/:id]" time="0.004" /><testcase classname="tests.test_route_catalog" name="test_catalogued_route_is_mounted_and_protected[POST /internal/vouchers/:id/assign]" time="0.005" /><testcase classname="tests.test_route_catalog" name="test_catalogued_route_is_mounted_and_protected[POST /internal/customers/:id/points]" time="0.005" /><testcase classname="tests.test_route_catalog" name="test_catalogued_route_is_mounted_and_protected[GET /internal/home-banners/]" time="0.005" /><testcase classname="tests.test_route_catalog" name="test_catalogued_route_is_mounted_and_protected[POST /internal/home-banners/]" time="0.004" /><testcase classname="tests.test_route_catalog" name="test_catalogued_route_is_mounted_and_protected[DELETE /internal/home-banners/:id]" time="0.004" /><testcase classname="tests.test_route_catalog" name="test_catalogued_route_is_mounted_and_protected[POST /internal/qr-payment/request]" time="0.004" /><testcase classname="tests.test_route_catalog" name="test_catalogued_route_is_mounted_and_protected[GET /internal/qr-payment/status/:requestId]" time="0.005" /><testcase classname="tests.test_route_catalog" name="test_catalogued_route_is_mounted_and_protected[POST /internal/qr-payment/cancel]" time="0.004" /><testcase classname="tests.test_route_catalog" name="test_catalog_has_unique_method_paths" time="0.002" /><testcase classname="tests.test_route_catalog" name="test_side_effecting_mail_route_is_statically_mounted" time="0.003" /></testsuite></testsuites>